fread/build/app/intermediates/manifest_merge_blame_file/release/manifest-merger-blame-release-report.txt
1<?xml version="1.0" encoding="utf-8"?>
2<manifest xmlns:android="http://schemas.android.com/apk/res/android"
3    package="com.example.fread"
4    android:versionCode="1"
5    android:versionName="1.0.0" >
6
7    <uses-sdk
8        android:minSdkVersion="19"
8-->src\main\AndroidManifest.xml
9        android:targetSdkVersion="31" />
9-->src\main\AndroidManifest.xml
10
11    <uses-permission android:name="android.permission.REQUEST_INSTALL_PACKAGES" />
11-->[:open_file] AndroidManifest.xml:10:5-83
11-->[:open_file] AndroidManifest.xml:10:22-80
12    <uses-permission android:name="android.permission.READ_EXTERNAL_STORAGE" />
12-->[:open_file] AndroidManifest.xml:11:5-80
12-->[:open_file] AndroidManifest.xml:11:22-77
13    <uses-permission android:name="android.permission.INTERNET" />
13-->[com.google.firebase:firebase-auth:21.1.0] AndroidManifest.xml:23:5-67
13-->[com.google.firebase:firebase-auth:21.1.0] AndroidManifest.xml:23:22-64
14    <uses-permission android:name="android.permission.ACCESS_NETWORK_STATE" />
14-->[com.google.firebase:firebase-auth:21.1.0] AndroidManifest.xml:24:5-79
14-->[com.google.firebase:firebase-auth:21.1.0] AndroidManifest.xml:24:22-76
15    <uses-permission android:name="android.permission.WRITE_EXTERNAL_STORAGE" />
15-->[com.tom_roush:pdfbox-android:1.8.10.1] AndroidManifest.xml:11:5-81
15-->[com.tom_roush:pdfbox-android:1.8.10.1] AndroidManifest.xml:11:22-78
16
17    <application
18        android:name="android.app.Application"
18-->src\main\AndroidManifest.xml:5:9-42
19        android:appComponentFactory="androidx.core.app.CoreComponentFactory"
19-->[androidx.core:core:1.6.0] AndroidManifest.xml:24:18-86
20        android:icon="@mipmap/launcher_icon"
20-->src\main\AndroidManifest.xml:6:9-45
21        android:label="FRead" >
21-->src\main\AndroidManifest.xml:4:9-30
22        <activity
22-->src\main\AndroidManifest.xml:7:9-27:20
23            android:name="com.example.fread.MainActivity"
23-->src\main\AndroidManifest.xml:8:13-41
24            android:configChanges="orientation|keyboardHidden|keyboard|screenSize|smallestScreenSize|locale|layoutDirection|fontScale|screenLayout|density|uiMode"
24-->src\main\AndroidManifest.xml:12:13-163
25            android:exported="true"
25-->src\main\AndroidManifest.xml:9:13-36
26            android:hardwareAccelerated="true"
26-->src\main\AndroidManifest.xml:13:13-47
27            android:launchMode="singleTop"
27-->src\main\AndroidManifest.xml:10:13-43
28            android:theme="@style/LaunchTheme"
28-->src\main\AndroidManifest.xml:11:13-47
29            android:windowSoftInputMode="adjustResize" >
29-->src\main\AndroidManifest.xml:14:13-55
30
31            <!--
32                 Specifies an Android theme to apply to this Activity as soon as
33                 the Android process has started. This theme is visible to the user
34                 while the Flutter UI initializes. After that, this theme continues
35                 to determine the Window background behind the Flutter UI.
36            -->
37            <meta-data
37-->src\main\AndroidManifest.xml:19:13-22:17
38                android:name="io.flutter.embedding.android.NormalTheme"
38-->src\main\AndroidManifest.xml:20:15-70
39                android:resource="@style/NormalTheme" />
39-->src\main\AndroidManifest.xml:21:15-52
40
41            <intent-filter>
41-->src\main\AndroidManifest.xml:23:13-26:29
42                <action android:name="android.intent.action.MAIN" />
42-->src\main\AndroidManifest.xml:24:17-68
42-->src\main\AndroidManifest.xml:24:25-66
43
44                <category android:name="android.intent.category.LAUNCHER" />
44-->src\main\AndroidManifest.xml:25:17-76
44-->src\main\AndroidManifest.xml:25:27-74
45            </intent-filter>
46        </activity>
47        <!--
48             Don't delete the meta-data below.
49             This is used by the Flutter tool to generate GeneratedPluginRegistrant.java
50        -->
51        <meta-data
51-->src\main\AndroidManifest.xml:30:9-32:33
52            android:name="flutterEmbedding"
52-->src\main\AndroidManifest.xml:31:13-44
53            android:value="2" />
53-->src\main\AndroidManifest.xml:32:13-30
54
55        <service
55-->[:firebase_database] AndroidManifest.xml:10:9-14:19
56            android:name="com.google.firebase.components.ComponentDiscoveryService"
56-->[:firebase_database] AndroidManifest.xml:10:18-89
57            android:directBootAware="true"
57-->[com.google.firebase:firebase-common:20.2.0] AndroidManifest.xml:34:13-43
58            android:exported="false" >
58-->[com.google.firebase:firebase-auth:21.1.0] AndroidManifest.xml:66:13-37
59            <meta-data
59-->[:firebase_database] AndroidManifest.xml:11:13-13:85
60                android:name="com.google.firebase.components:io.flutter.plugins.firebase.database.FlutterFirebaseAppRegistrar"
60-->[:firebase_database] AndroidManifest.xml:12:17-127
61                android:value="com.google.firebase.components.ComponentRegistrar" />
61-->[:firebase_database] AndroidManifest.xml:13:17-82
62            <meta-data
62-->[:cloud_firestore] AndroidManifest.xml:11:13-13:85
63                android:name="com.google.firebase.components:io.flutter.plugins.firebase.firestore.FlutterFirebaseFirestoreRegistrar"
63-->[:cloud_firestore] AndroidManifest.xml:12:17-134
64                android:value="com.google.firebase.components.ComponentRegistrar" />
64-->[:cloud_firestore] AndroidManifest.xml:13:17-82
65            <meta-data
65-->[:firebase_auth] AndroidManifest.xml:11:13-13:85
66                android:name="com.google.firebase.components:io.flutter.plugins.firebase.auth.FlutterFirebaseAuthRegistrar"
66-->[:firebase_auth] AndroidManifest.xml:12:17-124
67                android:value="com.google.firebase.components.ComponentRegistrar" />
67-->[:firebase_auth] AndroidManifest.xml:13:17-82
68            <meta-data
68-->[:firebase_storage] AndroidManifest.xml:11:13-13:85
69                android:name="com.google.firebase.components:io.flutter.plugins.firebase.storage.FlutterFirebaseAppRegistrar"
69-->[:firebase_storage] AndroidManifest.xml:12:17-126
70                android:value="com.google.firebase.components.ComponentRegistrar" />
70-->[:firebase_storage] AndroidManifest.xml:13:17-82
71            <meta-data
71-->[:firebase_core] AndroidManifest.xml:11:13-13:85
72                android:name="com.google.firebase.components:io.flutter.plugins.firebase.core.FlutterFirebaseCoreRegistrar"
72-->[:firebase_core] AndroidManifest.xml:12:17-124
73                android:value="com.google.firebase.components.ComponentRegistrar" />
73-->[:firebase_core] AndroidManifest.xml:13:17-82
74            <meta-data
74-->[com.google.firebase:firebase-auth:21.1.0] AndroidManifest.xml:67:13-69:85
75                android:name="com.google.firebase.components:com.google.firebase.auth.FirebaseAuthRegistrar"
75-->[com.google.firebase:firebase-auth:21.1.0] AndroidManifest.xml:68:17-109
76                android:value="com.google.firebase.components.ComponentRegistrar" />
76-->[com.google.firebase:firebase-auth:21.1.0] AndroidManifest.xml:69:17-82
77            <meta-data
77-->[com.google.firebase:firebase-firestore:24.4.0] AndroidManifest.xml:19:13-21:85
78                android:name="com.google.firebase.components:com.google.firebase.firestore.FirestoreRegistrar"
78-->[com.google.firebase:firebase-firestore:24.4.0] AndroidManifest.xml:20:17-111
79                android:value="com.google.firebase.components.ComponentRegistrar" />
79-->[com.google.firebase:firebase-firestore:24.4.0] AndroidManifest.xml:21:17-82
80            <meta-data
80-->[com.google.firebase:firebase-storage:20.1.0] AndroidManifest.xml:32:13-34:85
81                android:name="com.google.firebase.components:com.google.firebase.storage.StorageRegistrar"
81-->[com.google.firebase:firebase-storage:20.1.0] AndroidManifest.xml:33:17-107
82                android:value="com.google.firebase.components.ComponentRegistrar" />
82-->[com.google.firebase:firebase-storage:20.1.0] AndroidManifest.xml:34:17-82
83            <meta-data
83-->[com.google.firebase:firebase-database:20.1.0] AndroidManifest.xml:31:13-33:85
84                android:name="com.google.firebase.components:com.google.firebase.database.DatabaseRegistrar"
84-->[com.google.firebase:firebase-database:20.1.0] AndroidManifest.xml:32:17-109
85                android:value="com.google.firebase.components.ComponentRegistrar" />
85-->[com.google.firebase:firebase-database:20.1.0] AndroidManifest.xml:33:17-82
86        </service>
87
88        <activity
88-->[:url_launcher_android] AndroidManifest.xml:10:9-13:74
89            android:name="io.flutter.plugins.urllauncher.WebViewActivity"
89-->[:url_launcher_android] AndroidManifest.xml:11:13-74
90            android:exported="false"
90-->[:url_launcher_android] AndroidManifest.xml:12:13-37
91            android:theme="@android:style/Theme.NoTitleBar.Fullscreen" />
91-->[:url_launcher_android] AndroidManifest.xml:13:13-71
92
93        <provider
93-->[:open_file] AndroidManifest.xml:14:9-23:20
94            android:name="com.crazecoder.openfile.FileProvider"
94-->[:open_file] AndroidManifest.xml:15:13-64
95            android:authorities="com.example.fread.fileProvider.com.crazecoder.openfile"
95-->[:open_file] AndroidManifest.xml:16:13-88
96            android:exported="false"
96-->[:open_file] AndroidManifest.xml:17:13-37
97            android:grantUriPermissions="true" >
97-->[:open_file] AndroidManifest.xml:18:13-47
98            <meta-data
98-->[:open_file] AndroidManifest.xml:20:13-22:53
99                android:name="android.support.FILE_PROVIDER_PATHS"
99-->[:open_file] AndroidManifest.xml:21:17-67
100                android:resource="@xml/filepaths" />
100-->[:open_file] AndroidManifest.xml:22:17-50
101        </provider>
102
103        <uses-library
103-->[androidx.window:window:1.0.0-beta04] AndroidManifest.xml:25:9-27:40
104            android:name="androidx.window.extensions"
104-->[androidx.window:window:1.0.0-beta04] AndroidManifest.xml:26:13-54
105            android:required="false" />
105-->[androidx.window:window:1.0.0-beta04] AndroidManifest.xml:27:13-37
106        <uses-library
106-->[androidx.window:window:1.0.0-beta04] AndroidManifest.xml:28:9-30:40
107            android:name="androidx.window.sidecar"
107-->[androidx.window:window:1.0.0-beta04] AndroidManifest.xml:29:13-51
108            android:required="false" />
108-->[androidx.window:window:1.0.0-beta04] AndroidManifest.xml:30:13-37
109
110        <activity
110-->[com.google.firebase:firebase-auth:21.1.0] AndroidManifest.xml:27:9-44:20
111            android:name="com.google.firebase.auth.internal.GenericIdpActivity"
111-->[com.google.firebase:firebase-auth:21.1.0] AndroidManifest.xml:28:13-80
112            android:excludeFromRecents="true"
112-->[com.google.firebase:firebase-auth:21.1.0] AndroidManifest.xml:29:13-46
113            android:exported="true"
113-->[com.google.firebase:firebase-auth:21.1.0] AndroidManifest.xml:30:13-36
114            android:launchMode="singleTask"
114-->[com.google.firebase:firebase-auth:21.1.0] AndroidManifest.xml:31:13-44
115            android:theme="@android:style/Theme.Translucent.NoTitleBar" >
115-->[com.google.firebase:firebase-auth:21.1.0] AndroidManifest.xml:32:13-72
116            <intent-filter>
116-->[com.google.firebase:firebase-auth:21.1.0] AndroidManifest.xml:33:13-43:29
117                <action android:name="android.intent.action.VIEW" />
117-->[com.google.firebase:firebase-auth:21.1.0] AndroidManifest.xml:34:17-69
117-->[com.google.firebase:firebase-auth:21.1.0] AndroidManifest.xml:34:25-66
118
119                <category android:name="android.intent.category.DEFAULT" />
119-->[com.google.firebase:firebase-auth:21.1.0] AndroidManifest.xml:36:17-76
119-->[com.google.firebase:firebase-auth:21.1.0] AndroidManifest.xml:36:27-73
120                <category android:name="android.intent.category.BROWSABLE" />
120-->[com.google.firebase:firebase-auth:21.1.0] AndroidManifest.xml:37:17-78
120-->[com.google.firebase:firebase-auth:21.1.0] AndroidManifest.xml:37:27-75
121
122                <data
122-->[com.google.firebase:firebase-auth:21.1.0] AndroidManifest.xml:39:17-42:51
123                    android:host="firebase.auth"
123-->[com.google.firebase:firebase-auth:21.1.0] AndroidManifest.xml:40:21-49
124                    android:path="/"
124-->[com.google.firebase:firebase-auth:21.1.0] AndroidManifest.xml:41:21-37
125                    android:scheme="genericidp" />
125-->[com.google.firebase:firebase-auth:21.1.0] AndroidManifest.xml:42:21-48
126            </intent-filter>
127        </activity>
128        <activity
128-->[com.google.firebase:firebase-auth:21.1.0] AndroidManifest.xml:45:9-62:20
129            android:name="com.google.firebase.auth.internal.RecaptchaActivity"
129-->[com.google.firebase:firebase-auth:21.1.0] AndroidManifest.xml:46:13-79
130            android:excludeFromRecents="true"
130-->[com.google.firebase:firebase-auth:21.1.0] AndroidManifest.xml:47:13-46
131            android:exported="true"
131-->[com.google.firebase:firebase-auth:21.1.0] AndroidManifest.xml:48:13-36
132            android:launchMode="singleTask"
132-->[com.google.firebase:firebase-auth:21.1.0] AndroidManifest.xml:49:13-44
133            android:theme="@android:style/Theme.Translucent.NoTitleBar" >
133-->[com.google.firebase:firebase-auth:21.1.0] AndroidManifest.xml:50:13-72
134            <intent-filter>
134-->[com.google.firebase:firebase-auth:21.1.0] AndroidManifest.xml:51:13-61:29
135                <action android:name="android.intent.action.VIEW" />
135-->[com.google.firebase:firebase-auth:21.1.0] AndroidManifest.xml:34:17-69
135-->[com.google.firebase:firebase-auth:21.1.0] AndroidManifest.xml:34:25-66
136
137                <category android:name="android.intent.category.DEFAULT" />
137-->[com.google.firebase:firebase-auth:21.1.0] AndroidManifest.xml:36:17-76
137-->[com.google.firebase:firebase-auth:21.1.0] AndroidManifest.xml:36:27-73
138                <category android:name="android.intent.category.BROWSABLE" />
138-->[com.google.firebase:firebase-auth:21.1.0] AndroidManifest.xml:37:17-78
138-->[com.google.firebase:firebase-auth:21.1.0] AndroidManifest.xml:37:27-75
139
140                <data
140-->[com.google.firebase:firebase-auth:21.1.0] AndroidManifest.xml:39:17-42:51
141                    android:host="firebase.auth"
141-->[com.google.firebase:firebase-auth:21.1.0] AndroidManifest.xml:40:21-49
142                    android:path="/"
142-->[com.google.firebase:firebase-auth:21.1.0] AndroidManifest.xml:41:21-37
143                    android:scheme="recaptcha" />
143-->[com.google.firebase:firebase-auth:21.1.0] AndroidManifest.xml:42:21-48
144            </intent-filter>
145        </activity>
146
147        <provider
147-->[com.google.firebase:firebase-common:20.2.0] AndroidManifest.xml:25:9-30:39
148            android:name="com.google.firebase.provider.FirebaseInitProvider"
148-->[com.google.firebase:firebase-common:20.2.0] AndroidManifest.xml:26:13-77
149            android:authorities="com.example.fread.firebaseinitprovider"
149-->[com.google.firebase:firebase-common:20.2.0] AndroidManifest.xml:27:13-72
150            android:directBootAware="true"
150-->[com.google.firebase:firebase-common:20.2.0] AndroidManifest.xml:28:13-43
151            android:exported="false"
151-->[com.google.firebase:firebase-common:20.2.0] AndroidManifest.xml:29:13-37
152            android:initOrder="100" />
152-->[com.google.firebase:firebase-common:20.2.0] AndroidManifest.xml:30:13-36
153
154        <activity
154-->[com.google.android.gms:play-services-base:18.0.1] AndroidManifest.xml:20:9-22:45
155            android:name="com.google.android.gms.common.api.GoogleApiActivity"
155-->[com.google.android.gms:play-services-base:18.0.1] AndroidManifest.xml:20:19-85
156            android:exported="false"
156-->[com.google.android.gms:play-services-base:18.0.1] AndroidManifest.xml:22:19-43
157            android:theme="@android:style/Theme.Translucent.NoTitleBar" />
157-->[com.google.android.gms:play-services-base:18.0.1] AndroidManifest.xml:21:19-78
158
159        <meta-data
159-->[com.google.android.gms:play-services-basement:18.1.0] AndroidManifest.xml:21:9-23:69
160            android:name="com.google.android.gms.version"
160-->[com.google.android.gms:play-services-basement:18.1.0] AndroidManifest.xml:22:13-58
161            android:value="@integer/google_play_services_version" />
161-->[com.google.android.gms:play-services-basement:18.1.0] AndroidManifest.xml:23:13-66
162    </application>
163
164</manifest>